:COMSYS After 1330 simulations
:COMSYS Best payoff is -13850.5
:COMSYS User terminated multiple search session
:OPTIMIZER=Powell
:SENSITIVITY=All Constants=10
:MULTIPLE_START=Grid
:RANDOM_NUMBER=Default
:SEED=1234
:OUTPUT_LEVEL=On
:TRACE=Off
:MAX_ITERATIONS=10000
:SIMS_MAX=10000
:RESTART_MAX=0
:PASS_LIMIT=2
:FRACTIONAL_TOLERANCE=0.0003
:TOLERANCE_MULTIPLIER=21
:ABSOLUTE_TOLERANCE=1
:SCALE_ABSOLUTE=1
:VECTOR_POINTS=10000
:MCLIMIT=0
:MCJUMP=0.05
:MCBURNIN=0
:MCDELTA=0.0001
:MCTEMP=1
:MCNCHAINS=3
:MCUPDATEPAIRS=2
:MCSCHEDULE=0
:MCOUTLIER=0.05
:MCXOVER=0.2
:MCCOOLING=1000
:MCINITMETHOD=0
:MCPAYOFFTYPE=0
:MCGAMMA=1
:MCRECORD=0
:MCKNN=0
:MCEPSILON=0.01
:MCFTEMP=1
6e+06 <= Baseline Natural Flux = 2e+07  <= 2e+07
50 <= Atmospheric Lifetime of N2O = 103.359  <= 130
0 <= Effective Sensitivity of Temperature on N2O Flux = 0  <= 0.04
